2026-01-10T00:43:50 | touched: scripts/deploy.js
2024-08-24T13:20:30 | touched: sync_review.md
2026-01-02T04:11:14 | touched: scripts/interact.js
2024-04-17T02:15:01 | touched: scripts/cli.js
2025-11-01T06:38:48 | touched: LICENSE
2024-02-04T05:48:33 | touched: hardhat.config.js
2024-04-03T02:17:06 | touched: scripts/frontend-integration.js
2024-01-13T15:34:52 | touched: .env.example
2024-05-05T09:16:29 | touched: scripts/cli.js
2025-03-17T05:39:47 | touched: package.json
2025-12-19T18:21:31 | touched: contracts/Badgersettle.sol
2026-01-16T13:38:12 | touched: sync_review.md
2025-06-08T08:43:00 | touched: scripts/interact.js
2025-12-01T01:40:35 | touched: sync_core.md
2024-02-12T00:39:57 | touched: README.md
2026-01-03T14:19:33 | touched: .env.example
2026-01-23T06:53:14 | touched: scripts/interact.js
2024-08-08T09:04:46 | touched: scripts/cli.js
2025-10-02T02:20:29 | touched: .env.example
2025-10-23T05:29:25 | touched: scripts/frontend-integration.js
2024-11-29T21:53:48 | touched: hardhat.config.js
2026-01-18T00:12:49 | touched: package.json
